<?xml version="1.0" encoding="UTF-8"?>
<testng-results ignored="0" total="1" passed="1" failed="0" skipped="0">
  <reporter-output>
  </reporter-output>
  <suite started-at="2023-06-12T18:13:16 IST" name="Default suite" finished-at="2023-06-12T18:13:23 IST" duration-ms="6966">
    <groups>
    </groups>
    <test started-at="2023-06-12T18:13:16 IST" name="Default test" finished-at="2023-06-12T18:13:23 IST" duration-ms="6966">
      <class name="tests.Scroll_logo_linktest">
        <test-method is-config="true" signature="driversint()[pri:0, instance:tests.Scroll_logo_linktest@74e52303]" started-at="2023-06-12T18:13:16 IST" name="driversint" finished-at="2023-06-12T18:13:19 IST" duration-ms="3579" status="PASS">
          <reporter-output>
          </reporter-output>
        </test-method> <!-- driversint -->
        <test-method is-config="true" signature="url()[pri:0, instance:tests.Scroll_logo_linktest@74e52303]" started-at="2023-06-12T18:13:19 IST" name="url" finished-at="2023-06-12T18:13:23 IST" duration-ms="3278" status="PASS">
          <reporter-output>
          </reporter-output>
        </test-method> <!-- url -->
        <test-method signature="lsltest()[pri:0, instance:tests.Scroll_logo_linktest@74e52303]" started-at="2023-06-12T18:13:23 IST" name="lsltest" finished-at="2023-06-12T18:13:23 IST" duration-ms="72" status="PASS">
          <reporter-output>
          </reporter-output>
        </test-method> <!-- lsltest -->
      </class> <!-- tests.Scroll_logo_linktest -->
    </test> <!-- Default test -->
  </suite> <!-- Default suite -->
</testng-results>
