<?xml version="1.0" encoding="UTF-8"?>
<testng-results ignored="0" total="1" passed="1" failed="0" skipped="0">
  <reporter-output>
  </reporter-output>
  <suite started-at="2023-06-12T21:01:43 IST" name="Default suite" finished-at="2023-06-12T21:01:55 IST" duration-ms="11495">
    <groups>
    </groups>
    <test started-at="2023-06-12T21:01:43 IST" name="Default test" finished-at="2023-06-12T21:01:55 IST" duration-ms="11495">
      <class name="tests.Logintest">
        <test-method is-config="true" signature="driversint()[pri:0, instance:tests.Logintest@74e52303]" started-at="2023-06-12T21:01:43 IST" name="driversint" finished-at="2023-06-12T21:01:46 IST" duration-ms="3172" status="PASS">
          <reporter-output>
          </reporter-output>
        </test-method> <!-- driversint -->
        <test-method is-config="true" signature="url()[pri:0, instance:tests.Logintest@74e52303]" started-at="2023-06-12T21:01:46 IST" name="url" finished-at="2023-06-12T21:01:49 IST" duration-ms="2590" status="PASS">
          <reporter-output>
          </reporter-output>
        </test-method> <!-- url -->
        <test-method signature="jobskr()[pri:0, instance:tests.Logintest@74e52303]" started-at="2023-06-12T21:01:49 IST" name="jobskr" finished-at="2023-06-12T21:01:55 IST" duration-ms="5689" status="PASS">
          <reporter-output>
          </reporter-output>
        </test-method> <!-- jobskr -->
      </class> <!-- tests.Logintest -->
    </test> <!-- Default test -->
  </suite> <!-- Default suite -->
</testng-results>
